<?xml version="1.0" encoding="UTF-8"?>
<robot generator="Robot 7.1 (Python 3.12.6 on win32)" generated="2024-10-01T20:16:53.847275" rpa="false" schemaversion="5">
<suite id="s1" name="Exercicio Amazon" source="C:\Users\bnutec\Documents\Github\Anderson-Andy-Correa\Gestao-e-qualidade-de-software\02-Robot_Framework\exercicio_amazon.robot">
<test id="s1-t1" name="Return a answer for the test" line="16">
<kw name="Search for tvDasCasasBahia on amazon">
<kw name="Open Browser" owner="SeleniumLibrary">
<msg time="2024-10-01T20:16:54.388598" level="INFO">Opening browser 'chrome' to base url 'https://www.amazon.com.br'.</msg>
<arg>${URL}</arg>
<arg>${BROWSER}</arg>
<doc>Opens a new browser instance to the optional ``url``.</doc>
<status status="PASS" start="2024-10-01T20:16:54.387597" elapsed="10.301555"/>
</kw>
<kw name="Input Text" owner="SeleniumLibrary">
<msg time="2024-10-01T20:17:04.690151" level="INFO">Typing text 'tvDasCasasBahia' into text field 'id=twotabsearchtextbox'.</msg>
<arg>id=twotabsearchtextbox</arg>
<arg>${PRODUTO}</arg>
<doc>Types the given ``text`` into the text field identified by ``locator``.</doc>
<status status="PASS" start="2024-10-01T20:17:04.689152" elapsed="1.160288"/>
</kw>
<kw name="Click Button" owner="SeleniumLibrary">
<msg time="2024-10-01T20:17:05.851440" level="INFO">Clicking button 'id=nav-search-submit-button'.</msg>
<arg>id=nav-search-submit-button</arg>
<doc>Clicks the button identified by ``locator``.</doc>
<status status="PASS" start="2024-10-01T20:17:05.850441" elapsed="3.687741"/>
</kw>
<status status="PASS" start="2024-10-01T20:16:54.385595" elapsed="15.152587"/>
</kw>
<kw name="Page Should Contain" owner="SeleniumLibrary">
<msg time="2024-10-01T20:17:11.313803" level="INFO">Current page contains text 'tvDasCasasBahia'.</msg>
<arg>${PRODUTO}</arg>
<doc>Verifies that current page contains ``text``.</doc>
<status status="PASS" start="2024-10-01T20:17:09.576159" elapsed="1.737644"/>
</kw>
<kw name="Close Browser" owner="SeleniumLibrary">
<doc>Closes the current browser.</doc>
<status status="PASS" start="2024-10-01T20:17:11.314802" elapsed="3.196514"/>
</kw>
<status status="PASS" start="2024-10-01T20:16:54.384593" elapsed="20.127278"/>
</test>
<status status="PASS" start="2024-10-01T20:16:53.850855" elapsed="20.663753"/>
</suite>
<statistics>
<total>
<stat pass="1" fail="0" skip="0">All Tests</stat>
</total>
<tag>
</tag>
<suite>
<stat pass="1" fail="0" skip="0" id="s1" name="Exercicio Amazon">Exercicio Amazon</stat>
</suite>
</statistics>
<errors>
</errors>
</robot>
